<?xml version="1.0" encoding="UTF-8"?>
<!-- Generated by org.testng.reporters.JUnitReportReporter -->
<testsuite hostname="xps-win11" failures="0" tests="4" name="learnTestNG.TestNGAnnotations" time="0.042" errors="0" timestamp="2024-06-27T19:22:53 EDT" skipped="0">
  <testcase classname="learnTestNG.TestNGAnnotations" name="testNGAnnotations1" time="0.006"/>
  <testcase classname="learnTestNG.TestNGAnnotations" name="testNGAnnotations" time="0.026"/>
  <testcase classname="learnTestNG.TestNGAnnotations" name="testNGAnnotations3" time="0.004"/>
  <testcase classname="learnTestNG.TestNGAnnotations" name="testNGAnnotations2" time="0.006"/>
</testsuite> <!-- learnTestNG.TestNGAnnotations -->
